<?xml version="1.0" encoding="UTF-8"?>
<!-- Generated by org.testng.reporters.JUnitXMLReporter -->
<testsuite ignored="0" hostname="DESKTOP-VKT6GJR" failures="2" tests="5" name="Test" time="11.918" errors="0" timestamp="2026-02-24T07:02:46 ICT">
  <testcase classname="test.LoginTest" name="testEmptyPhone" time="0.442">
    <failure type="java.lang.AssertionError" message="Thông báo lỗi sai expected [Vui lòng nhập số điện thoại] but found [Vui lòng xác thực &amp;quot;Không phải là người máy&amp;quot; để tiếp tục đăng nhập.]">
      <![CDATA[java.lang.AssertionError: Thông báo lỗi sai expected [Vui lòng nhập số điện thoại] but found [Vui lòng xác thực "Không phải là người máy" để tiếp tục đăng nhập.]
at test.LoginTest.testEmptyPhone(LoginTest.java:57)
at java.base/java.util.ArrayList.forEach(ArrayList.java:1596)
... Removed 30 stack frames]]>
    </failure>
  </testcase> <!-- testEmptyPhone -->
  <testcase classname="test.LoginTest" name="testPhoneTooShort" time="0.45">
    <failure type="java.lang.AssertionError" message="Thông báo lỗi sai expected [Số điện thoại không hợp lệ] but found [Vui lòng xác thực &amp;quot;Không phải là người máy&amp;quot; để tiếp tục đăng nhập.]">
      <![CDATA[java.lang.AssertionError: Thông báo lỗi sai expected [Số điện thoại không hợp lệ] but found [Vui lòng xác thực "Không phải là người máy" để tiếp tục đăng nhập.]
at test.LoginTest.testPhoneTooShort(LoginTest.java:38)
at java.base/java.util.ArrayList.forEach(ArrayList.java:1596)
... Removed 30 stack frames]]>
    </failure>
  </testcase> <!-- testPhoneTooShort -->
  <testcase classname="test.LoginTest" name="testPhoneWithLetters" time="0.692"/>
  <testcase classname="test.LoginTest" name="testPhoneWithSpecialChars" time="0.71"/>
  <testcase classname="test.LoginTest" name="testValidPhone" time="5.398"/>
</testsuite> <!-- Test -->
